# JRE version: OpenJDK Runtime Environment (8.0_242-b01) (build 1.8.0_242-release-1644-b01)
# Java VM: OpenJDK 64-Bit Server VM (25.242-b01 mixed mode windows-amd64 compressed oops)
Heap:
 PSYoungGen      total 308736K, used 285905K [0x00000000e0000000, 0x00000000f7500000, 0x0000000100000000)
  eden space 247808K, 100% used [0x00000000e0000000,0x00000000ef200000,0x00000000ef200000)
  from space 60928K, 62% used [0x00000000f3980000,0x00000000f5eb45c8,0x00000000f7500000)
  to   space 67072K, 16% used [0x00000000ef200000,0x00000000efcc5198,0x00000000f3380000)
 ParOldGen       total 373760K, used 99725K [0x00000000a0000000, 0x00000000b6d00000, 0x00000000e0000000)
  object space 373760K, 26% used [0x00000000a0000000,0x00000000a61637e8,0x00000000b6d00000)
 Metaspace       used 112626K, capacity 119042K, committed 119320K, reserved 1153024K
  class space    used 14527K, capacity 15780K, committed 15920K, reserved 1048576K
GC Heap History (10 events):
Event: 6145.500 GC heap after
Heap after GC invocations=24 (full 4):
 PSYoungGen      total 257024K, used 31781K [0x00000000e0000000, 0x00000000f2b00000, 0x0000000100000000)
  eden space 212992K, 0% used [0x00000000e0000000,0x00000000e0000000,0x00000000ed000000)
  from space 44032K, 72% used [0x00000000efd00000,0x00000000f1c09578,0x00000000f2800000)
  to   space 46080K, 0% used [0x00000000ed000000,0x00000000ed000000,0x00000000efd00000)
 ParOldGen       total 373760K, used 70832K [0x00000000a0000000, 0x00000000b6d00000, 0x00000000e0000000)
  object space 373760K, 18% used [0x00000000a0000000,0x00000000a452c240,0x00000000b6d00000)
 Metaspace       used 108830K, capacity 114470K, committed 115480K, reserved 1148928K
  class space    used 14230K, capacity 15350K, committed 15664K, reserved 1048576K
}
Event: 6147.138 GC heap before
{Heap before GC invocations=25 (full 4):
 PSYoungGen      total 257024K, used 244773K [0x00000000e0000000, 0x00000000f2b00000, 0x0000000100000000)
  eden space 212992K, 100% used [0x00000000e0000000,0x00000000ed000000,0x00000000ed000000)
  from space 44032K, 72% used [0x00000000efd00000,0x00000000f1c09578,0x00000000f2800000)
  to   space 46080K, 0% used [0x00000000ed000000,0x00000000ed000000,0x00000000efd00000)
 ParOldGen       total 373760K, used 70832K [0x00000000a0000000, 0x00000000b6d00000, 0x00000000e0000000)
  object space 373760K, 18% used [0x00000000a0000000,0x00000000a452c240,0x00000000b6d00000)
 Metaspace       used 110638K, capacity 116420K, committed 117144K, reserved 1150976K
  class space    used 14401K, capacity 15531K, committed 15792K, reserved 1048576K
Event: 6147.175 GC heap after
Heap after GC invocations=25 (full 4):
 PSYoungGen      total 259072K, used 35858K [0x00000000e0000000, 0x00000000f4a00000, 0x0000000100000000)
  eden space 212992K, 0% used [0x00000000e0000000,0x00000000e0000000,0x00000000ed000000)
  from space 46080K, 77% used [0x00000000ed000000,0x00000000ef3048f0,0x00000000efd00000)
  to   space 49152K, 0% used [0x00000000f1a00000,0x00000000f1a00000,0x00000000f4a00000)
 ParOldGen       total 373760K, used 70840K [0x00000000a0000000, 0x00000000b6d00000, 0x00000000e0000000)
  object space 373760K, 18% used [0x00000000a0000000,0x00000000a452e240,0x00000000b6d00000)
 Metaspace       used 110638K, capacity 116420K, committed 117144K, reserved 1150976K
  class space    used 14401K, capacity 15531K, committed 15792K, reserved 1048576K
}
Event: 6149.252 GC heap before
{Heap before GC invocations=26 (full 4):
 PSYoungGen      total 259072K, used 248850K [0x00000000e0000000, 0x00000000f4a00000, 0x0000000100000000)
  eden space 212992K, 100% used [0x00000000e0000000,0x00000000ed000000,0x00000000ed000000)
  from space 46080K, 77% used [0x00000000ed000000,0x00000000ef3048f0,0x00000000efd00000)
  to   space 49152K, 0% used [0x00000000f1a00000,0x00000000f1a00000,0x00000000f4a00000)
 ParOldGen       total 373760K, used 70840K [0x00000000a0000000, 0x00000000b6d00000, 0x00000000e0000000)
  object space 373760K, 18% used [0x00000000a0000000,0x00000000a452e240,0x00000000b6d00000)
 Metaspace       used 111117K, capacity 116854K, committed 117656K, reserved 1150976K
  class space    used 14403K, capacity 15532K, committed 15792K, reserved 1048576K
Event: 6149.333 GC heap after
Heap after GC invocations=26 (full 4):
 PSYoungGen      total 270848K, used 49140K [0x00000000e0000000, 0x00000000f7680000, 0x0000000100000000)
  eden space 221696K, 0% used [0x00000000e0000000,0x00000000e0000000,0x00000000ed880000)
  from space 49152K, 99% used [0x00000000f1a00000,0x00000000f49fd0f8,0x00000000f4a00000)
  to   space 67072K, 0% used [0x00000000ed880000,0x00000000ed880000,0x00000000f1a00000)
 ParOldGen       total 373760K, used 99709K [0x00000000a0000000, 0x00000000b6d00000, 0x00000000e0000000)
  object space 373760K, 26% used [0x00000000a0000000,0x00000000a615f7e8,0x00000000b6d00000)
 Metaspace       used 111117K, capacity 116854K, committed 117656K, reserved 1150976K
  class space    used 14403K, capacity 15532K, committed 15792K, reserved 1048576K
}
Event: 6338.145 GC heap before
{Heap before GC invocations=27 (full 4):
 PSYoungGen      total 270848K, used 270836K [0x00000000e0000000, 0x00000000f7680000, 0x0000000100000000)
  eden space 221696K, 100% used [0x00000000e0000000,0x00000000ed880000,0x00000000ed880000)
  from space 49152K, 99% used [0x00000000f1a00000,0x00000000f49fd0f8,0x00000000f4a00000)
  to   space 67072K, 0% used [0x00000000ed880000,0x00000000ed880000,0x00000000f1a00000)
 ParOldGen       total 373760K, used 99709K [0x00000000a0000000, 0x00000000b6d00000, 0x00000000e0000000)
  object space 373760K, 26% used [0x00000000a0000000,0x00000000a615f7e8,0x00000000b6d00000)
 Metaspace       used 111582K, capacity 117460K, committed 117912K, reserved 1150976K
  class space    used 14444K, capacity 15603K, committed 15792K, reserved 1048576K
Event: 6338.183 GC heap after
Heap after GC invocations=27 (full 4):
 PSYoungGen      total 288768K, used 38940K [0x00000000e0000000, 0x00000000f7b80000, 0x0000000100000000)
  eden space 221696K, 0% used [0x00000000e0000000,0x00000000e0000000,0x00000000ed880000)
  from space 67072K, 58% used [0x00000000ed880000,0x00000000efe87380,0x00000000f1a00000)
  to   space 67584K, 0% used [0x00000000f3980000,0x00000000f3980000,0x00000000f7b80000)
 ParOldGen       total 373760K, used 99717K [0x00000000a0000000, 0x00000000b6d00000, 0x00000000e0000000)
  object space 373760K, 26% used [0x00000000a0000000,0x00000000a61617e8,0x00000000b6d00000)
 Metaspace       used 111582K, capacity 117460K, committed 117912K, reserved 1150976K
  class space    used 14444K, capacity 15603K, committed 15792K, reserved 1048576K
}
Event: 7800.020 GC heap before
{Heap before GC invocations=28 (full 4):
 PSYoungGen      total 288768K, used 260636K [0x00000000e0000000, 0x00000000f7b80000, 0x0000000100000000)
  eden space 221696K, 100% used [0x00000000e0000000,0x00000000ed880000,0x00000000ed880000)
  from space 67072K, 58% used [0x00000000ed880000,0x00000000efe87380,0x00000000f1a00000)
  to   space 67584K, 0% used [0x00000000f3980000,0x00000000f3980000,0x00000000f7b80000)
 ParOldGen       total 373760K, used 99717K [0x00000000a0000000, 0x00000000b6d00000, 0x00000000e0000000)
  object space 373760K, 26% used [0x00000000a0000000,0x00000000a61617e8,0x00000000b6d00000)
 Metaspace       used 112153K, capacity 118314K, committed 118808K, reserved 1153024K
  class space    used 14497K, capacity 15726K, committed 15920K, reserved 1048576K
Event: 7800.086 GC heap after
Heap after GC invocations=28 (full 4):
 PSYoungGen      total 308736K, used 38097K [0x00000000e0000000, 0x00000000f7500000, 0x0000000100000000)
  eden space 247808K, 0% used [0x00000000e0000000,0x00000000e0000000,0x00000000ef200000)
  from space 60928K, 62% used [0x00000000f3980000,0x00000000f5eb45c8,0x00000000f7500000)
  to   space 67072K, 0% used [0x00000000ef200000,0x00000000ef200000,0x00000000f3380000)
 ParOldGen       total 373760K, used 99725K [0x00000000a0000000, 0x00000000b6d00000, 0x00000000e0000000)
  object space 373760K, 26% used [0x00000000a0000000,0x00000000a61637e8,0x00000000b6d00000)
 Metaspace       used 112153K, capacity 118314K, committed 118808K, reserved 1153024K
  class space    used 14497K, capacity 15726K, committed 15920K, reserved 1048576K
}
Event: 8957.709 GC heap before
{Heap before GC invocations=29 (full 4):
 PSYoungGen      total 308736K, used 285905K [0x00000000e0000000, 0x00000000f7500000, 0x0000000100000000)
  eden space 247808K, 100% used [0x00000000e0000000,0x00000000ef200000,0x00000000ef200000)
  from space 60928K, 62% used [0x00000000f3980000,0x00000000f5eb45c8,0x00000000f7500000)
  to   space 67072K, 0% used [0x00000000ef200000,0x00000000ef200000,0x00000000f3380000)
 ParOldGen       total 373760K, used 99725K [0x00000000a0000000, 0x00000000b6d00000, 0x00000000e0000000)
  object space 373760K, 26% used [0x00000000a0000000,0x00000000a61637e8,0x00000000b6d00000)
 Metaspace       used 112626K, capacity 119042K, committed 119320K, reserved 1153024K
  class space    used 14527K, capacity 15780K, committed 15920K, reserved 1048576K

